Arguments: 
  C:\Program Files\nodejs\node.exe C:\Users\LaptopK1\AppData\Roaming\npm\node_modules\yarn\bin\yarn.js add multer path

PATH: 
  C:\Program Files (x86)\Common Files\Oracle\Java\javapath;D:\PLC\SCADA-RT_V11\WinCC\Bin;C:\Program Files\Common Files\Siemens\Automation\Simatic OAM\bin;C:\Program Files (x86)\Common Files\Siemens\Bin;C:\Program Files (x86)\Common Files\Siemens\CommonArchiving;C:\Program Files (x86)\Common Files\Siemens\ACE\Bin;C:\SIMULIA\Commands;C:\Program Files\Microsoft MPI\Bin\;C:\Windows\system32;C:\Windows;C:\Windows\System32\Wbem;C:\Windows\System32\WindowsPowerShell\v1.0\;C:\Windows\System32\OpenSSH\;C:\Program Files (x86)\NVIDIA Corporation\PhysX\Common;C:\Program Files\NVIDIA Corporation\NVIDIA NvDLISR;C:\Program Files\Microsoft SQL Server\Client SDK\ODBC\110\Tools\Binn\;C:\Program Files (x86)\Microsoft SQL Server\120\Tools\Binn\;C:\Program Files\Microsoft SQL Server\120\Tools\Binn\;C:\Program Files\Microsoft SQL Server\120\DTS\Binn\;C:\Program Files (x86)\Windows Kits\8.1\Windows Performance Toolkit\;D:\matlab\runtime\win64;D:\matlab\bin;D:\matlab\polyspace\bin;C:\Program Files\Microsoft SQL Server\Client SDK\ODBC\130\Tools\Binn\;C:\Program Files (x86)\Microsoft SQL Server\130\Tools\Binn\;C:\Program Files\Microsoft SQL Server\130\Tools\Binn\;C:\Program Files\Microsoft SQL Server\130\DTS\Binn\;D:\PLC\SCADA-RT_V11\WinCC\Interfaces;C:\Program Files (x86)\Common Files\Siemens\;C:\Program Files (x86)\Common Files\Siemens\Interfaces;C:\Program Files (x86)\Common Files\Siemens\ACE\Interfaces;C:\Program Files\nodejs\;C:\Program Files\Java\jdk1.8.0_311\bin;C:\WINDOWS\system32;C:\WINDOWS;C:\WINDOWS\System32\Wbem;C:\WINDOWS\System32\WindowsPowerShell\v1.0\;C:\WINDOWS\System32\OpenSSH\;C:\Program Files\Git\cmd;C:\Users\LaptopK1\AppData\Local\Programs\Python\Python310\Scripts\;C:\Users\LaptopK1\AppData\Local\Programs\Python\Python310\;C:\Users\LaptopK1\AppData\Local\Microsoft\WindowsApps;;C:\Users\LaptopK1\AppData\Local\Programs\Microsoft VS Code\bin;C:\Users\LaptopK1\AppData\Roaming\npm

Yarn version: 
  1.22.17

Node version: 
  14.18.1

Platform: 
  win32 x64

Trace: 
  Error: EPERM: operation not permitted, unlink 'D:\social\SocialName\node_modules\bcrypt\lib\binding\napi-v3\bcrypt_lib.node'

npm manifest: 
  {
      "name": "socialname",
      "version": "1.0.0",
      "description": "",
      "main": "index.js",
      "scripts": {
          "start": "nodemon index.js"
      },
      "author": "",
      "license": "ISC",
      "dependencies": {
          "bcrypt": "^5.0.1",
          "dotenv": "^16.0.0",
          "express": "^4.17.3",
          "helmet": "^5.0.2",
          "mongoose": "^6.2.4",
          "morgan": "^1.10.0",
          "nodemon": "^2.0.15"
      }
  }

yarn manifest: 
  No manifest

Lockfile: 
  No lockfile
